TN:
SF:myconfig.js
FNF:0
FNH:0
DA:1,1
DA:2,1
DA:3,1
DA:4,1
LF:4
LH:4
BRF:0
BRH:0
end_of_record
TN:
SF:server.js
FNF:0
FNH:0
DA:1,1
DA:2,1
DA:3,1
DA:4,1
DA:5,1
DA:6,1
DA:7,1
DA:8,1
DA:9,2
DA:10,2
DA:11,2
DA:12,1
DA:13,1
LF:13
LH:13
BRDA:8,0,0,2
BRF:1
BRH:1
end_of_record
TN:
SF:sum.js
FN:1,sum
FNF:1
FNH:1
FNDA:1,sum
DA:1,1
DA:2,1
DA:3,1
DA:4,1
LF:4
LH:4
BRDA:1,0,0,1
BRF:1
BRH:1
end_of_record
TN:
SF:client/src/Components/hello.jsx
FN:3,Test
FN:9,onClick
FNF:2
FNH:2
FNDA:6,Test
FNDA:2,onClick
DA:1,1
DA:2,1
DA:3,6
DA:4,6
DA:5,6
DA:6,6
DA:7,6
DA:8,9
DA:9,9
DA:10,9
DA:11,9
DA:12,9
DA:13,9
DA:14,6
DA:15,6
DA:16,6
DA:17,6
DA:18,6
DA:19,6
DA:20,1
DA:21,1
LF:21
LH:21
BRDA:3,0,0,6
BRDA:7,1,0,9
BRDA:9,2,0,2
BRF:3
BRH:3
end_of_record
